#
# An unexpected error has been detected by HotSpot Virtual Machine:
#
#  EXCEPTION_ACCESS_VIOLATION (0xc0000005) at pc=0x080024fa, pid=9312, tid=8392
#
# Java VM: Java HotSpot(TM) Client VM (1.4.2_16-b05 mixed mode)
# Problematic frame:
# V  [jvm.dll+0x24fa]
#

---------------  T H R E A D  ---------------

Current thread (0x0209ee00):  VMThread [id=8392]

siginfo: ExceptionCode=0xc0000005, reading address 0xb7591d39

Registers:
EAX=0xb7591d09, EBX=0x0078e4c8, ECX=0x141825a0, EDX=0xb7591d09
ESP=0x0418f858, EBP=0x0418f8ac, ESI=0x141825a0, EDI=0x141825a0
EIP=0x080024fa, EFLAGS=0x00010286

Top of Stack: (sp=0x0418f858)
0x0418f858:   141825a0 080c2b57 b7591d09 0800ae52
0x0418f868:   141825a0 0418f9bc 0418f8a0 14182791
0x0418f878:   080b4ec2 14182791 08064091 14182791
0x0418f888:   00000000 080646bf 0078e490 0806406a
0x0418f898:   0418f8a0 00000000 080ef5d4 14182791
0x0418f8a8:   00000000 0418f900 080a4afd 14182791
0x0418f8b8:   0800b235 14182791 0418f8e8 0804204b
0x0418f8c8:   14182791 00000000 0418f9bc 0418f9b4 

Instructions: (pc=0x080024fa)
0x080024ea:   e8 ea f8 ff ff 5f 5e c9 c3 8b 54 24 04 56 8b f1
0x080024fa:   8b 42 30 85 c0 7f 25 7d 1b 83 c9 ff 6a 04 2b c8 


Stack: [0x04150000,0x04190000),  sp=0x0418f858,  free space=254k
Native frames: (J=compiled Java code, j=interpreted, Vv=VM code, C=native code)
V  [jvm.dll+0x24fa]
V  [jvm.dll+0xa4afd]
V  [jvm.dll+0x63652]
V  [jvm.dll+0xabf9c]
V  [jvm.dll+0xac3c4]
V  [jvm.dll+0xac7c0]
V  [jvm.dll+0x68ea5]
V  [jvm.dll+0x5dac8]
V  [jvm.dll+0xd49e5]
V  [jvm.dll+0xd5e54]
V  [jvm.dll+0x60eb4]
V  [jvm.dll+0x60ad8]
V  [jvm.dll+0x643f0]
V  [jvm.dll+0xd251c]
V  [jvm.dll+0x5f997]
V  [jvm.dll+0x490f5]
V  [jvm.dll+0x5fb2f]
V  [jvm.dll+0xe4888]
V  [jvm.dll+0xe4a30]
V  [jvm.dll+0xe4799]
C  [msvcrt.dll+0x66d5f]
C  [msvcrt.dll+0x66e21]
C  [KERNEL32.DLL+0x16359]
C  [ntdll.dll+0x67c24]
C  [ntdll.dll+0x67bf4]

VM_Operation (0x04dbf9d4): generation collection for allocation, mode: safepoint, requested by thread 0x020dbda0


---------------  P R O C E S S  ---------------

Java Threads: ( => current thread )
  0x020dbda0 JavaThread "JistController-1" [_thread_blocked, id=3636]
  0x020aaa40 JavaThread "CompilerThread0" daemon [_thread_blocked, id=4168]
  0x020a5800 JavaThread "Signal Dispatcher" daemon [_thread_blocked, id=8172]
  0x020a3558 JavaThread "JDWP Command Reader" daemon [_thread_in_native, id=11252]
  0x020a2b98 JavaThread "JDWP Event Helper Thread" daemon [_thread_in_native, id=2560]
  0x020a1fb8 JavaThread "JDWP Transport Listener: dt_socket" daemon [_thread_in_native, id=4640]
  0x02060820 JavaThread "Finalizer" daemon [_thread_blocked, id=3316]
  0x0205fe18 JavaThread "Reference Handler" daemon [_thread_blocked, id=11892]
  0x00789c60 JavaThread "main" [_thread_blocked, id=11004]

Other Threads:
=>0x0209ee00 VMThread [id=8392]
  0x020a1858 WatcherThread [id=9724]

VM state:at safepoint (normal execution)

VM Mutex/Monitor currently owned by a thread:  ([mutex/lock_event])
[0x00788420/0x000001b4] Threads_lock - owner thread: 0x0209ee00
[0x00788170/0x000001f0] Heap_lock - owner thread: 0x020dbda0

Heap
 def new generation   total 704K, used 64K [0x10010000, 0x100d0000, 0x104f0000)
  eden space 640K,   0% used [0x10010000, 0x10010000, 0x100b0000)
  from space 64K, 100% used [0x100b0000, 0x100c0000, 0x100c0000)
  to   space 64K,   0% used [0x100c0000, 0x100c0000, 0x100d0000)
 tenured generation   total 8940K, used 8930K [0x104f0000, 0x10dab000, 0x14010000)
   the space 8940K,  99% used [0x104f0000, 0x10da8808, 0x1068ca00, 0x10dab000)
 compacting perm gen  total 4096K, used 3011K [0x14010000, 0x14410000, 0x18010000)
   the space 4096K,  73% used [0x14010000, 0x14300ed8, 0x142fc200, 0x14410000)

Dynamic libraries:
0x00400000 - 0x0040b000 	C:\j2sdk1.4.2_16\bin\javaw.exe
0x77510000 - 0x776aa000 	C:\WINDOWS\SYSTEM32\ntdll.dll
0x769d0000 - 0x76ab0000 	C:\WINDOWS\System32\KERNEL32.DLL
0x76460000 - 0x7665e000 	C:\WINDOWS\System32\KERNELBASE.dll
0x75500000 - 0x75579000 	C:\WINDOWS\System32\ADVAPI32.dll
0x75440000 - 0x754ff000 	C:\WINDOWS\System32\msvcrt.dll
0x77480000 - 0x774f6000 	C:\WINDOWS\System32\sechost.dll
0x74d30000 - 0x74deb000 	C:\WINDOWS\System32\RPCRT4.dll
0x74ce0000 - 0x74d00000 	C:\WINDOWS\System32\SspiCli.dll
0x74cd0000 - 0x74cda000 	C:\WINDOWS\System32\CRYPTBASE.dll
0x772f0000 - 0x7734f000 	C:\WINDOWS\System32\bcryptPrimitives.dll
0x76770000 - 0x76907000 	C:\WINDOWS\System32\USER32.dll
0x77450000 - 0x77467000 	C:\WINDOWS\System32\win32u.dll
0x75d50000 - 0x75d71000 	C:\WINDOWS\System32\GDI32.dll
0x76e90000 - 0x76feb000 	C:\WINDOWS\System32\gdi32full.dll
0x77100000 - 0x7717c000 	C:\WINDOWS\System32\msvcp_win.dll
0x76340000 - 0x7645f000 	C:\WINDOWS\System32\ucrtbase.dll
0x74d00000 - 0x74d25000 	C:\WINDOWS\System32\IMM32.DLL
0x08000000 - 0x08144000 	C:\j2sdk1.4.2_16\jre\bin\client\jvm.dll
0x732a0000 - 0x732c4000 	C:\WINDOWS\SYSTEM32\WINMM.dll
0x722b0000 - 0x722d3000 	C:\WINDOWS\SYSTEM32\winmmbase.dll
0x76980000 - 0x769bb000 	C:\WINDOWS\System32\cfgmgr32.dll
0x10000000 - 0x10007000 	C:\j2sdk1.4.2_16\jre\bin\hpi.dll
0x75390000 - 0x75396000 	C:\WINDOWS\System32\PSAPI.DLL
0x001d0000 - 0x001de000 	C:\j2sdk1.4.2_16\jre\bin\verify.dll
0x00450000 - 0x00469000 	C:\j2sdk1.4.2_16\jre\bin\java.dll
0x001f0000 - 0x001fe000 	C:\j2sdk1.4.2_16\jre\bin\zip.dll
0x04290000 - 0x042ac000 	C:\j2sdk1.4.2_16\jre\bin\jdwp.dll
0x02000000 - 0x02005000 	C:\j2sdk1.4.2_16\jre\bin\dt_socket.dll
0x770a0000 - 0x770fe000 	C:\WINDOWS\System32\ws2_32.dll
0x6d780000 - 0x6d791000 	C:\WINDOWS\system32\napinsp.dll
0x6d760000 - 0x6d776000 	C:\WINDOWS\system32\pnrpnsp.dll
0x721e0000 - 0x72232000 	C:\WINDOWS\System32\mswsock.dll
0x74b40000 - 0x74bd3000 	C:\WINDOWS\SYSTEM32\DNSAPI.dll
0x77000000 - 0x77007000 	C:\WINDOWS\System32\NSI.dll
0x74be0000 - 0x74c12000 	C:\WINDOWS\SYSTEM32\IPHLPAPI.DLL
0x6d750000 - 0x6d75b000 	C:\WINDOWS\System32\winrnr.dll
0x6d730000 - 0x6d746000 	C:\WINDOWS\system32\NLAapi.dll
0x6d720000 - 0x6d730000 	C:\WINDOWS\system32\wshbth.dll
0x6d6b0000 - 0x6d701000 	C:\WINDOWS\System32\fwpuclnt.dll
0x76960000 - 0x76979000 	C:\WINDOWS\System32\bcrypt.dll
0x6d710000 - 0x6d718000 	C:\Windows\System32\rasadhlp.dll
0x04dc0000 - 0x04dcf000 	C:\j2sdk1.4.2_16\jre\bin\net.dll

VM Arguments:
jvm_args: -Xdebug -Xnoagent -Xrunjdwp:transport=dt_socket,suspend=y,address=localhost:51648 -Dfile.encoding=Cp1252
java_command: jist.runtime.Main jist.swans.Main driver.CBR -p zrp -f 300x300 -n 100 -c 1 -t 1
Launcher Type: SUN_STANDARD

Environment Variables:
JAVA_HOME=C:\j2sdk1.4.2_16\bin
CLASSPATH=D:\Dropbox\PGC\PGCI\ML3\JAR\jist-swans-1.0.6-src\jist-swans-1.0.6\libs\jist.jar;D:\Dropbox\PGC\PGCI\ML3\JAR\jist-swans-1.0.6-src\jist-swans-1.0.6\libs\bcel.jar;D:\Dropbox\PGC\PGCI\ML3\JAR\jist-swans-1.0.6-src\jist-swans-1.0.6\libs\bsh.jar;D:\Dropbox\PGC\PGCI\ML3\JAR\jist-swans-1.0.6-src\jist-swans-1.0.6\libs\checkstyle-all.jar;D:\Dropbox\PGC\PGCI\ML3\JAR\jist-swans-1.0.6-src\jist-swans-1.0.6\libs\jargs.jar;D:\Dropbox\PGC\PGCI\ML3\JAR\jist-swans-1.0.6-src\jist-swans-1.0.6\libs\jython.jar;D:\Dropbox\PGC\PGCI\ML3\JAR\jist-swans-1.0.6-src\jist-swans-1.0.6\libs\log4j.jar;C:\j2sdk1.4.2_16\bin;
PATH=C:\j2sdk1.4.2_16\jre\bin;C:/Program Files/Java/jre1.8.0_251/bin/server;C:/Program Files/Java/jre1.8.0_251/bin;C:/Program Files/Java/jre1.8.0_251/lib/amd64;C:\Program Files (x86)\Common Files\Oracle\Java\javapath;Z:\app\isaia\product\18.0.0\dbhomeXE\bin;C:\Windows\system32;C:\Windows;C:\Windows\System32\Wbem;C:\Windows\System32\WindowsPowerShell\v1.0\;C:\Program Files\AMD\StoreMI\ECmd;C:\Program Files\dotnet\;C:\Program Files\Microsoft SQL Server\130\Tools\Binn\;C:\Program Files\Microsoft SQL Server\Client SDK\ODBC\170\Tools\Binn\;C:\Program Files (x86)\NVIDIA Corporation\PhysX\Common;C:\Program Files\NVIDIA Corporation\NVIDIA NvDLISR;C:\WINDOWS\system32;C:\WINDOWS;C:\WINDOWS\System32\Wbem;C:\WINDOWS\System32\WindowsPowerShell\v1.0\;C:\WINDOWS\System32\OpenSSH\;C:\Program Files\nodejs\;C:\Program Files (x86)\Java\j2re1.4.2_18\bin;C:\Program Files\Git\cmd;C:\Users\isaia\AppData\Local\Microsoft\WindowsApps;C:\Users\isaia\AppData\Local\Programs\Microsoft VS Code\bin;C:\Users\isaia\.dotnet\tools;C:\Users\isaia\AppData\Local\Microsoft\WindowsApps;C:\Users\isaia\AppData\Roaming\npm;C:\Users\isaia\AppData\Local\atom\bin;C:\j2sdk1.4.2_16\bin;D:\Dropbox\PGC\PGCI\ML3\JAR\jist-swans-1.0.6\jist-swans-1.0.6\bin;C:\Users\isaia\AppData\Local\GitHubDesktop\bin;C:\Users\isaia\Desktop;
USERNAME=isaia
OS=Windows_NT
PROCESSOR_IDENTIFIER=AMD64 Family 23 Model 113 Stepping 0, AuthenticAMD


---------------  S Y S T E M  ---------------

OS: Windows NT 6.2 Build 9200 

CPU:total 12 family 2175, cmov, cx8, fxsr, mmx, sse, sse2

Memory: 4k page, physical 2097151k(2097151k free), swap 4194303k(4194303k free)

vm_info: Java HotSpot(TM) Client VM (1.4.2_16-b05) for windows-x86, built on Sep 17 2007 00:18:03 by "java_re" with MS VC++ 6.0

